0 info it worked if it ends with ok
1 verbose cli [ 'C:\\Program Files\\nodejs\\node.exe',
1 verbose cli   'C:\\Program Files\\nodejs\\node_modules\\npm\\bin\\npm-cli.js',
1 verbose cli   'run',
1 verbose cli   'deploy' ]
2 info using npm@3.10.10
3 info using node@v7.3.0
4 verbose run-script [ 'predeploy', 'deploy', 'postdeploy' ]
5 info lifecycle yedidim-fb-bot@0.4.7~predeploy: yedidim-fb-bot@0.4.7
6 silly lifecycle yedidim-fb-bot@0.4.7~predeploy: no script for predeploy, continuing
7 info lifecycle yedidim-fb-bot@0.4.7~deploy: yedidim-fb-bot@0.4.7
8 verbose lifecycle yedidim-fb-bot@0.4.7~deploy: unsafe-perm in lifecycle true
9 verbose lifecycle yedidim-fb-bot@0.4.7~deploy: PATH: C:\Program Files\nodejs\node_modules\npm\bin\node-gyp-bin;c:\dev\yedidim-bot\functions\node_modules\.bin;C:\cmder\bin;C:\cmder\vendor\conemu-maximus5\ConEmu\Scripts;C:\cmder\vendor\conemu-maximus5;C:\cmder\vendor\conemu-maximus5\ConEmu;C:\Program Files\Docker\Docker\Resources\bin;C:\ProgramData\Oracle\Java\javapath;C:\windows\system32;C:\windows;C:\windows\System32\Wbem;C:\windows\System32\WindowsPowerShell\v1.0\;C:\Program Files (x86)\Enterprise Vault\EVClient\x64\;C:\Program Files\Microsoft SQL Server\Client SDK\ODBC\110\Tools\Binn\;C:\Program Files (x86)\Microsoft SQL Server\120\Tools\Binn\ManagementStudio\;C:\Program Files (x86)\Microsoft SQL Server\120\Tools\Binn\;C:\Program Files\Microsoft SQL Server\120\Tools\Binn\;C:\Program Files (x86)\Microsoft SQL Server\120\DTS\Binn\;C:\Users\ygalbe\.dnx\bin;C:\Program Files\Microsoft DNX\Dnvm\;C:\Program Files\Microsoft SQL Server\130\Tools\Binn\;C:\Program Files\Git\cmd;C:\Program Files\nodejs\;C:\Program Files (x86)\GnuWin32\bin;C:\Program Files (x86)\Vim\vim80;C:\Program Files (x86)\Sennheiser\SoftphoneSDK\;C:\Program Files\dotnet\;C:\Program Files (x86)\GtkSharp\2.12\bin;C:\Program Files (x86)\Microsoft SQL Server\Client SDK\ODBC\130\Tools\Binn\;C:\Program Files (x86)\Microsoft SQL Server\140\Tools\Binn\;C:\Program Files (x86)\Microsoft SQL Server\140\DTS\Binn\;C:\Program Files (x86)\Microsoft SQL Server\140\Tools\Binn\ManagementStudio\;C:\Program Files (x86)\Microsoft Emulator Manager\1.0\;C:\Users\ygalbe\AppData\Local\Android\sdk\platform-tools\;C:\Users\ygalbe\AppData\Roaming\npm;C:\Program Files (x86)\Microsoft VS Code\bin;C:\Users\ygalbe\AppData\Local\now-cli;C:\Users\ygalbe\AppData\Local\Programs\Fiddler;C:\Users\ygalbe\AppData\Local\GitHubDesktop\bin;C:\Program Files\Git\usr\bin;C:\Program Files\Git\usr\share\vim\vim74;C:\cmder\
10 verbose lifecycle yedidim-fb-bot@0.4.7~deploy: CWD: c:\dev\yedidim-bot\functions
11 silly lifecycle yedidim-fb-bot@0.4.7~deploy: Args: [ '/d /s /c',
11 silly lifecycle   'firebase deploy --only functions:getVolunters,functions:onUserCreateTrigger,functions:sendExpoFollowerNotification,functions:sendFollowerNotification,functions:setLocation,functions:takeEvent' ]
12 silly lifecycle yedidim-fb-bot@0.4.7~deploy: Returned: code: 1  signal: null
13 info lifecycle yedidim-fb-bot@0.4.7~deploy: Failed to exec deploy script
14 verbose stack Error: yedidim-fb-bot@0.4.7 deploy: `firebase deploy --only functions:getVolunters,functions:onUserCreateTrigger,functions:sendExpoFollowerNotification,functions:sendFollowerNotification,functions:setLocation,functions:takeEvent`
14 verbose stack Exit status 1
14 verbose stack     at EventEmitter.<anonymous> (C:\Program Files\nodejs\node_modules\npm\lib\utils\lifecycle.js:255:16)
14 verbose stack     at emitTwo (events.js:106:13)
14 verbose stack     at EventEmitter.emit (events.js:191:7)
14 verbose stack     at ChildProcess.<anonymous> (C:\Program Files\nodejs\node_modules\npm\lib\utils\spawn.js:40:14)
14 verbose stack     at emitTwo (events.js:106:13)
14 verbose stack     at ChildProcess.emit (events.js:191:7)
14 verbose stack     at maybeClose (internal/child_process.js:885:16)
14 verbose stack     at Process.ChildProcess._handle.onexit (internal/child_process.js:226:5)
15 verbose pkgid yedidim-fb-bot@0.4.7
16 verbose cwd c:\dev\yedidim-bot\functions
17 error Windows_NT 10.0.10586
18 error argv "C:\\Program Files\\nodejs\\node.exe" "C:\\Program Files\\nodejs\\node_modules\\npm\\bin\\npm-cli.js" "run" "deploy"
19 error node v7.3.0
20 error npm  v3.10.10
21 error code ELIFECYCLE
22 error yedidim-fb-bot@0.4.7 deploy: `firebase deploy --only functions:getVolunters,functions:onUserCreateTrigger,functions:sendExpoFollowerNotification,functions:sendFollowerNotification,functions:setLocation,functions:takeEvent`
22 error Exit status 1
23 error Failed at the yedidim-fb-bot@0.4.7 deploy script 'firebase deploy --only functions:getVolunters,functions:onUserCreateTrigger,functions:sendExpoFollowerNotification,functions:sendFollowerNotification,functions:setLocation,functions:takeEvent'.
23 error Make sure you have the latest version of node.js and npm installed.
23 error If you do, this is most likely a problem with the yedidim-fb-bot package,
23 error not with npm itself.
23 error Tell the author that this fails on your system:
23 error     firebase deploy --only functions:getVolunters,functions:onUserCreateTrigger,functions:sendExpoFollowerNotification,functions:sendFollowerNotification,functions:setLocation,functions:takeEvent
23 error You can get information on how to open an issue for this project with:
23 error     npm bugs yedidim-fb-bot
23 error Or if that isn't available, you can get their info via:
23 error     npm owner ls yedidim-fb-bot
23 error There is likely additional logging output above.
24 verbose exit [ 1, true ]
